янв 26, 2021 10:28:34 AM java.util.logging.LogManager$RootLogger log
SEVERE: Java SERVER
янв 26, 2021 10:28:34 AM java.util.logging.LogManager$RootLogger log
SEVERE: C# SERVER
янв 26, 2021 10:28:34 AM java.util.logging.LogManager$RootLogger log
INFO: Java INFO
янв 26, 2021 10:28:34 AM java.util.logging.LogManager$RootLogger log
INFO: go INFO
янв 26, 2021 10:32:00 AM java.util.logging.LogManager$RootLogger log
SEVERE: Java SERVER
янв 26, 2021 10:32:00 AM java.util.logging.LogManager$RootLogger log
SEVERE: C# SERVER
янв 26, 2021 10:32:00 AM java.util.logging.LogManager$RootLogger log
INFO: Java INFO
янв 26, 2021 10:32:00 AM java.util.logging.LogManager$RootLogger log
INFO: go INFO
янв 26, 2021 10:32:05 AM java.util.logging.LogManager$RootLogger log
SEVERE: Java SERVER
янв 26, 2021 10:32:05 AM java.util.logging.LogManager$RootLogger log
SEVERE: C# SERVER
янв 26, 2021 10:32:05 AM java.util.logging.LogManager$RootLogger log
INFO: Java INFO
янв 26, 2021 10:32:05 AM java.util.logging.LogManager$RootLogger log
INFO: go INFO
